<?xml version="1.0" encoding="UTF-8"?>
<robot generator="Robot 4.1.2 (Python 3.8.10 on linux)" generated="20220713 20:41:10.243" rpa="false" schemaversion="2">
<suite id="s1" name="Car" source="/home/francieli/Documentos/TesteRobot/car.robot">
<test id="s1-t1" name="Validação do cadastro">
<kw name="Abrir o site Ctd Cars" library="car" type="SETUP">
<kw name="Open Browser" library="SeleniumLibrary">
<arg>${SITE}</arg>
<arg>${NAVEGADOR}</arg>
<doc>Opens a new browser instance to the optional ``url``.</doc>
<msg timestamp="20220713 20:41:10.873" level="INFO">Opening browser 'Chrome' to base url 'http://localhost:3000/'.</msg>
<status status="PASS" starttime="20220713 20:41:10.871" endtime="20220713 20:41:21.317"/>
</kw>
<kw name="Maximize Browser Window" library="SeleniumLibrary">
<doc>Maximizes current browser window.</doc>
<status status="PASS" starttime="20220713 20:41:21.317" endtime="20220713 20:41:21.423"/>
</kw>
<kw name="Set Selenium Speed" library="SeleniumLibrary">
<arg>0.1</arg>
<doc>Sets the delay that is waited after each Selenium command.</doc>
<status status="PASS" starttime="20220713 20:41:21.424" endtime="20220713 20:41:21.425"/>
</kw>
<status status="PASS" starttime="20220713 20:41:10.870" endtime="20220713 20:41:21.425"/>
</kw>
<kw name="Clicar em Criar conta" library="car">
<kw name="Wait and Click" library="car">
<arg>${CLICAR_CRIAR_CONTA}</arg>
<kw name="Wait Until Element Is Visible" library="SeleniumLibrary">
<arg>${ELEMENTO}</arg>
<doc>Waits until the element ``locator`` is visible.</doc>
<status status="PASS" starttime="20220713 20:41:21.435" endtime="20220713 20:41:22.293"/>
</kw>
<kw name="Wait Until Element Is Enabled" library="SeleniumLibrary">
<arg>${ELEMENTO}</arg>
<doc>Waits until the element ``locator`` is enabled.</doc>
<status status="PASS" starttime="20220713 20:41:22.293" endtime="20220713 20:41:22.928"/>
</kw>
<kw name="Scroll Element Into View" library="SeleniumLibrary">
<arg>${ELEMENTO}</arg>
<doc>Scrolls the element identified by ``locator`` into view.</doc>
<status status="PASS" starttime="20220713 20:41:22.929" endtime="20220713 20:41:24.756"/>
</kw>
<kw name="Click Element" library="SeleniumLibrary">
<arg>${ELEMENTO}</arg>
<doc>Click the element identified by ``locator``.</doc>
<msg timestamp="20220713 20:41:24.757" level="INFO">Clicking element 'css=.header-rightLink:nth-child(2)'.</msg>
<status status="PASS" starttime="20220713 20:41:24.757" endtime="20220713 20:41:25.097"/>
</kw>
<status status="PASS" starttime="20220713 20:41:21.431" endtime="20220713 20:41:25.097"/>
</kw>
<status status="PASS" starttime="20220713 20:41:21.429" endtime="20220713 20:41:25.097"/>
</kw>
<kw name="Preencher os campos do cadastro" library="car">
<kw name="Wait and Input Text" library="car">
<arg>${PREENCHER_NOME}</arg>
<arg>${NOME}</arg>
<kw name="Wait Until Element Is Visible" library="SeleniumLibrary">
<arg>${ELEMENTO}</arg>
<doc>Waits until the element ``locator`` is visible.</doc>
<status status="PASS" starttime="20220713 20:41:25.099" endtime="20220713 20:41:25.518"/>
</kw>
<kw name="Wait Until Element Is Enabled" library="SeleniumLibrary">
<arg>${ELEMENTO}</arg>
<doc>Waits until the element ``locator`` is enabled.</doc>
<status status="PASS" starttime="20220713 20:41:25.519" endtime="20220713 20:41:25.853"/>
</kw>
<kw name="Scroll Element Into View" library="SeleniumLibrary">
<arg>${ELEMENTO}</arg>
<doc>Scrolls the element identified by ``locator`` into view.</doc>
<status status="PASS" starttime="20220713 20:41:25.853" endtime="20220713 20:41:26.326"/>
</kw>
<kw name="Input Text" library="SeleniumLibrary">
<arg>${ELEMENTO}</arg>
<arg>${TEXTO}</arg>
<doc>Types the given ``text`` into the text field identified by ``locator``.</doc>
<msg timestamp="20220713 20:41:26.327" level="INFO">Typing text 'tati657' into text field 'id=nome'.</msg>
<status status="PASS" starttime="20220713 20:41:26.326" endtime="20220713 20:41:26.837"/>
</kw>
<status status="PASS" starttime="20220713 20:41:25.099" endtime="20220713 20:41:26.837"/>
</kw>
<kw name="Wait and Input Text" library="car">
<arg>${PREENCHER_SOBRENOME}</arg>
<arg>${SOBRENOME}</arg>
<kw name="Wait Until Element Is Visible" library="SeleniumLibrary">
<arg>${ELEMENTO}</arg>
<doc>Waits until the element ``locator`` is visible.</doc>
<status status="PASS" starttime="20220713 20:41:26.839" endtime="20220713 20:41:27.069"/>
</kw>
<kw name="Wait Until Element Is Enabled" library="SeleniumLibrary">
<arg>${ELEMENTO}</arg>
<doc>Waits until the element ``locator`` is enabled.</doc>
<status status="PASS" starttime="20220713 20:41:27.069" endtime="20220713 20:41:27.407"/>
</kw>
<kw name="Scroll Element Into View" library="SeleniumLibrary">
<arg>${ELEMENTO}</arg>
<doc>Scrolls the element identified by ``locator`` into view.</doc>
<status status="PASS" starttime="20220713 20:41:27.407" endtime="20220713 20:41:27.887"/>
</kw>
<kw name="Input Text" library="SeleniumLibrary">
<arg>${ELEMENTO}</arg>
<arg>${TEXTO}</arg>
<doc>Types the given ``text`` into the text field identified by ``locator``.</doc>
<msg timestamp="20220713 20:41:27.888" level="INFO">Typing text 'Silva' into text field 'id=sobrenome'.</msg>
<status status="PASS" starttime="20220713 20:41:27.888" endtime="20220713 20:41:28.345"/>
</kw>
<status status="PASS" starttime="20220713 20:41:26.837" endtime="20220713 20:41:28.345"/>
</kw>
<kw name="Wait and Input Text" library="car">
<arg>${PREENCHER_EMAIL}</arg>
<arg>${EMAIL}</arg>
<kw name="Wait Until Element Is Visible" library="SeleniumLibrary">
<arg>${ELEMENTO}</arg>
<doc>Waits until the element ``locator`` is visible.</doc>
<status status="PASS" starttime="20220713 20:41:28.347" endtime="20220713 20:41:28.586"/>
</kw>
<kw name="Wait Until Element Is Enabled" library="SeleniumLibrary">
<arg>${ELEMENTO}</arg>
<doc>Waits until the element ``locator`` is enabled.</doc>
<status status="PASS" starttime="20220713 20:41:28.586" endtime="20220713 20:41:28.931"/>
</kw>
<kw name="Scroll Element Into View" library="SeleniumLibrary">
<arg>${ELEMENTO}</arg>
<doc>Scrolls the element identified by ``locator`` into view.</doc>
<status status="PASS" starttime="20220713 20:41:28.931" endtime="20220713 20:41:29.410"/>
</kw>
<kw name="Input Text" library="SeleniumLibrary">
<arg>${ELEMENTO}</arg>
<arg>${TEXTO}</arg>
<doc>Types the given ``text`` into the text field identified by ``locator``.</doc>
<msg timestamp="20220713 20:41:29.411" level="INFO">Typing text 'tati657@gmail.com' into text field 'id=email'.</msg>
<status status="PASS" starttime="20220713 20:41:29.410" endtime="20220713 20:41:29.952"/>
</kw>
<status status="PASS" starttime="20220713 20:41:28.346" endtime="20220713 20:41:29.952"/>
</kw>
<kw name="Wait and Input Text" library="car">
<arg>${PREENCHER_SENHA}</arg>
<arg>${SENHA}</arg>
<kw name="Wait Until Element Is Visible" library="SeleniumLibrary">
<arg>${ELEMENTO}</arg>
<doc>Waits until the element ``locator`` is visible.</doc>
<status status="PASS" starttime="20220713 20:41:29.954" endtime="20220713 20:41:30.193"/>
</kw>
<kw name="Wait Until Element Is Enabled" library="SeleniumLibrary">
<arg>${ELEMENTO}</arg>
<doc>Waits until the element ``locator`` is enabled.</doc>
<status status="PASS" starttime="20220713 20:41:30.193" endtime="20220713 20:41:30.535"/>
</kw>
<kw name="Scroll Element Into View" library="SeleniumLibrary">
<arg>${ELEMENTO}</arg>
<doc>Scrolls the element identified by ``locator`` into view.</doc>
<status status="PASS" starttime="20220713 20:41:30.536" endtime="20220713 20:41:31.263"/>
</kw>
<kw name="Input Text" library="SeleniumLibrary">
<arg>${ELEMENTO}</arg>
<arg>${TEXTO}</arg>
<doc>Types the given ``text`` into the text field identified by ``locator``.</doc>
<msg timestamp="20220713 20:41:31.263" level="INFO">Typing text '1234567' into text field 'id=senha'.</msg>
<status status="PASS" starttime="20220713 20:41:31.263" endtime="20220713 20:41:31.741"/>
</kw>
<status status="PASS" starttime="20220713 20:41:29.953" endtime="20220713 20:41:31.741"/>
</kw>
<kw name="Wait and Click" library="car">
<arg>${BOTAO_REGISTRAR}</arg>
<kw name="Wait Until Element Is Visible" library="SeleniumLibrary">
<arg>${ELEMENTO}</arg>
<doc>Waits until the element ``locator`` is visible.</doc>
<status status="PASS" starttime="20220713 20:41:31.742" endtime="20220713 20:41:31.983"/>
</kw>
<kw name="Wait Until Element Is Enabled" library="SeleniumLibrary">
<arg>${ELEMENTO}</arg>
<doc>Waits until the element ``locator`` is enabled.</doc>
<status status="PASS" starttime="20220713 20:41:31.983" endtime="20220713 20:41:32.324"/>
</kw>
<kw name="Scroll Element Into View" library="SeleniumLibrary">
<arg>${ELEMENTO}</arg>
<doc>Scrolls the element identified by ``locator`` into view.</doc>
<status status="PASS" starttime="20220713 20:41:32.324" endtime="20220713 20:41:32.805"/>
</kw>
<kw name="Click Element" library="SeleniumLibrary">
<arg>${ELEMENTO}</arg>
<doc>Click the element identified by ``locator``.</doc>
<msg timestamp="20220713 20:41:32.806" level="INFO">Clicking element 'xpath=//button[contains(.,'Registrar')]'.</msg>
<status status="PASS" starttime="20220713 20:41:32.805" endtime="20220713 20:41:33.073"/>
</kw>
<status status="PASS" starttime="20220713 20:41:31.741" endtime="20220713 20:41:33.074"/>
</kw>
<status status="PASS" starttime="20220713 20:41:25.098" endtime="20220713 20:41:33.075"/>
</kw>
<kw name="Validação da confirmação que o cadastro foi realizado com sucesso" library="car">
<kw name="Sleep" library="BuiltIn">
<arg>5</arg>
<doc>Pauses the test executed for the given time.</doc>
<msg timestamp="20220713 20:41:38.080" level="INFO">Slept 5 seconds</msg>
<status status="PASS" starttime="20220713 20:41:33.078" endtime="20220713 20:41:38.080"/>
</kw>
<kw name="Wait Until Element Is Visible" library="SeleniumLibrary">
<arg>${TITULO_SUCESSO}</arg>
<doc>Waits until the element ``locator`` is visible.</doc>
<status status="PASS" starttime="20220713 20:41:38.080" endtime="20220713 20:41:38.314"/>
</kw>
<kw name="Element Should Contain" library="SeleniumLibrary">
<arg>${TITULO_SUCESSO}</arg>
<arg>${TEXTO_SUCESSO}</arg>
<doc>Verifies that element ``locator`` contains text ``expected``.</doc>
<msg timestamp="20220713 20:41:38.537" level="INFO">Element 'xpath=//h2[contains(.,'Sucesso!')]' contains text 'Sucesso!'.</msg>
<status status="PASS" starttime="20220713 20:41:38.314" endtime="20220713 20:41:38.538"/>
</kw>
<status status="PASS" starttime="20220713 20:41:33.075" endtime="20220713 20:41:38.538"/>
</kw>
<kw name="Close Browser" library="SeleniumLibrary" type="TEARDOWN">
<doc>Closes the current browser.</doc>
<status status="PASS" starttime="20220713 20:41:38.538" endtime="20220713 20:41:38.704"/>
</kw>
<status status="PASS" starttime="20220713 20:41:10.868" endtime="20220713 20:41:38.705"/>
</test>
<test id="s1-t2" name="Validação do Login e da Reserva">
<kw name="Abrir o site Ctd Cars" library="car" type="SETUP">
<kw name="Open Browser" library="SeleniumLibrary">
<arg>${SITE}</arg>
<arg>${NAVEGADOR}</arg>
<doc>Opens a new browser instance to the optional ``url``.</doc>
<msg timestamp="20220713 20:41:38.720" level="INFO">Opening browser 'Chrome' to base url 'http://localhost:3000/'.</msg>
<status status="PASS" starttime="20220713 20:41:38.719" endtime="20220713 20:41:43.131"/>
</kw>
<kw name="Maximize Browser Window" library="SeleniumLibrary">
<doc>Maximizes current browser window.</doc>
<status status="PASS" starttime="20220713 20:41:43.131" endtime="20220713 20:41:43.384"/>
</kw>
<kw name="Set Selenium Speed" library="SeleniumLibrary">
<arg>0.1</arg>
<doc>Sets the delay that is waited after each Selenium command.</doc>
<status status="PASS" starttime="20220713 20:41:43.385" endtime="20220713 20:41:43.385"/>
</kw>
<status status="PASS" starttime="20220713 20:41:38.716" endtime="20220713 20:41:43.387"/>
</kw>
<kw name="Clicar em Criar Login" library="car">
<kw name="Wait and Click" library="car">
<arg>${CLICAR_LOGIN}</arg>
<kw name="Wait Until Element Is Visible" library="SeleniumLibrary">
<arg>${ELEMENTO}</arg>
<doc>Waits until the element ``locator`` is visible.</doc>
<status status="PASS" starttime="20220713 20:41:43.390" endtime="20220713 20:41:43.794"/>
</kw>
<kw name="Wait Until Element Is Enabled" library="SeleniumLibrary">
<arg>${ELEMENTO}</arg>
<doc>Waits until the element ``locator`` is enabled.</doc>
<status status="PASS" starttime="20220713 20:41:43.794" endtime="20220713 20:41:44.163"/>
</kw>
<kw name="Scroll Element Into View" library="SeleniumLibrary">
<arg>${ELEMENTO}</arg>
<doc>Scrolls the element identified by ``locator`` into view.</doc>
<status status="PASS" starttime="20220713 20:41:44.163" endtime="20220713 20:41:44.639"/>
</kw>
<kw name="Click Element" library="SeleniumLibrary">
<arg>${ELEMENTO}</arg>
<doc>Click the element identified by ``locator``.</doc>
<msg timestamp="20220713 20:41:44.640" level="INFO">Clicking element 'css=.header-rightLink:nth-child(3)'.</msg>
<status status="PASS" starttime="20220713 20:41:44.640" endtime="20220713 20:41:45.585"/>
</kw>
<status status="PASS" starttime="20220713 20:41:43.388" endtime="20220713 20:41:45.585"/>
</kw>
<status status="PASS" starttime="20220713 20:41:43.387" endtime="20220713 20:41:45.586"/>
</kw>
<kw name="Preencher E-mail" library="car">
<kw name="Wait and Input Text" library="car">
<arg>${PREENCHER_EMAIL_LOGIN}</arg>
<arg>${EMAIL_LOGIN}</arg>
<kw name="Wait Until Element Is Visible" library="SeleniumLibrary">
<arg>${ELEMENTO}</arg>
<doc>Waits until the element ``locator`` is visible.</doc>
<status status="PASS" starttime="20220713 20:41:45.590" endtime="20220713 20:41:45.830"/>
</kw>
<kw name="Wait Until Element Is Enabled" library="SeleniumLibrary">
<arg>${ELEMENTO}</arg>
<doc>Waits until the element ``locator`` is enabled.</doc>
<status status="PASS" starttime="20220713 20:41:45.830" endtime="20220713 20:41:46.163"/>
</kw>
<kw name="Scroll Element Into View" library="SeleniumLibrary">
<arg>${ELEMENTO}</arg>
<doc>Scrolls the element identified by ``locator`` into view.</doc>
<status status="PASS" starttime="20220713 20:41:46.163" endtime="20220713 20:41:46.639"/>
</kw>
<kw name="Input Text" library="SeleniumLibrary">
<arg>${ELEMENTO}</arg>
<arg>${TEXTO}</arg>
<doc>Types the given ``text`` into the text field identified by ``locator``.</doc>
<msg timestamp="20220713 20:41:46.639" level="INFO">Typing text 'francieliceleghim2013@gmail.com' into text field 'id=email'.</msg>
<status status="PASS" starttime="20220713 20:41:46.639" endtime="20220713 20:41:47.204"/>
</kw>
<status status="PASS" starttime="20220713 20:41:45.589" endtime="20220713 20:41:47.204"/>
</kw>
<status status="PASS" starttime="20220713 20:41:45.587" endtime="20220713 20:41:47.205"/>
</kw>
<kw name="Preencher Senha" library="car">
<kw name="Wait and Input Text" library="car">
<arg>${PREENCHER_SENHA_LOGIN}</arg>
<arg>${SENHA_LOGIN}</arg>
<kw name="Wait Until Element Is Visible" library="SeleniumLibrary">
<arg>${ELEMENTO}</arg>
<doc>Waits until the element ``locator`` is visible.</doc>
<status status="PASS" starttime="20220713 20:41:47.207" endtime="20220713 20:41:47.446"/>
</kw>
<kw name="Wait Until Element Is Enabled" library="SeleniumLibrary">
<arg>${ELEMENTO}</arg>
<doc>Waits until the element ``locator`` is enabled.</doc>
<status status="PASS" starttime="20220713 20:41:47.446" endtime="20220713 20:41:47.776"/>
</kw>
<kw name="Scroll Element Into View" library="SeleniumLibrary">
<arg>${ELEMENTO}</arg>
<doc>Scrolls the element identified by ``locator`` into view.</doc>
<status status="PASS" starttime="20220713 20:41:47.776" endtime="20220713 20:41:48.259"/>
</kw>
<kw name="Input Text" library="SeleniumLibrary">
<arg>${ELEMENTO}</arg>
<arg>${TEXTO}</arg>
<doc>Types the given ``text`` into the text field identified by ``locator``.</doc>
<msg timestamp="20220713 20:41:48.260" level="INFO">Typing text '1234567' into text field 'id=password'.</msg>
<status status="PASS" starttime="20220713 20:41:48.259" endtime="20220713 20:41:48.719"/>
</kw>
<status status="PASS" starttime="20220713 20:41:47.206" endtime="20220713 20:41:48.719"/>
</kw>
<status status="PASS" starttime="20220713 20:41:47.205" endtime="20220713 20:41:48.720"/>
</kw>
<kw name="Clicar em Entrar" library="car">
<kw name="Wait and Click" library="car">
<arg>${CLICAR_ENTRAR_LOGIN}</arg>
<kw name="Wait Until Element Is Visible" library="SeleniumLibrary">
<arg>${ELEMENTO}</arg>
<doc>Waits until the element ``locator`` is visible.</doc>
<status status="PASS" starttime="20220713 20:41:48.722" endtime="20220713 20:41:48.955"/>
</kw>
<kw name="Wait Until Element Is Enabled" library="SeleniumLibrary">
<arg>${ELEMENTO}</arg>
<doc>Waits until the element ``locator`` is enabled.</doc>
<status status="PASS" starttime="20220713 20:41:48.956" endtime="20220713 20:41:49.308"/>
</kw>
<kw name="Scroll Element Into View" library="SeleniumLibrary">
<arg>${ELEMENTO}</arg>
<doc>Scrolls the element identified by ``locator`` into view.</doc>
<status status="PASS" starttime="20220713 20:41:49.309" endtime="20220713 20:41:49.789"/>
</kw>
<kw name="Click Element" library="SeleniumLibrary">
<arg>${ELEMENTO}</arg>
<doc>Click the element identified by ``locator``.</doc>
<msg timestamp="20220713 20:41:49.790" level="INFO">Clicking element 'css=button'.</msg>
<status status="PASS" starttime="20220713 20:41:49.789" endtime="20220713 20:41:50.088"/>
</kw>
<status status="PASS" starttime="20220713 20:41:48.721" endtime="20220713 20:41:50.089"/>
</kw>
<status status="PASS" starttime="20220713 20:41:48.720" endtime="20220713 20:41:50.089"/>
</kw>
<kw name="Clicar em “Conheça nossa Frota”" library="car">
<kw name="Wait and Click" library="car">
<arg>${CLICAR_CONHEÇA_NOSSA_FROTA}</arg>
<kw name="Wait Until Element Is Visible" library="SeleniumLibrary">
<arg>${ELEMENTO}</arg>
<doc>Waits until the element ``locator`` is visible.</doc>
<status status="PASS" starttime="20220713 20:41:50.092" endtime="20220713 20:41:50.355"/>
</kw>
<kw name="Wait Until Element Is Enabled" library="SeleniumLibrary">
<arg>${ELEMENTO}</arg>
<doc>Waits until the element ``locator`` is enabled.</doc>
<status status="PASS" starttime="20220713 20:41:50.356" endtime="20220713 20:41:50.860"/>
</kw>
<kw name="Scroll Element Into View" library="SeleniumLibrary">
<arg>${ELEMENTO}</arg>
<doc>Scrolls the element identified by ``locator`` into view.</doc>
<status status="PASS" starttime="20220713 20:41:50.861" endtime="20220713 20:41:51.343"/>
</kw>
<kw name="Click Element" library="SeleniumLibrary">
<arg>${ELEMENTO}</arg>
<doc>Click the element identified by ``locator``.</doc>
<msg timestamp="20220713 20:41:51.345" level="INFO">Clicking element 'css=.header-rightLink &gt; span'.</msg>
<status status="PASS" starttime="20220713 20:41:51.344" endtime="20220713 20:41:51.644"/>
</kw>
<status status="PASS" starttime="20220713 20:41:50.090" endtime="20220713 20:41:51.644"/>
</kw>
<status status="PASS" starttime="20220713 20:41:50.090" endtime="20220713 20:41:51.644"/>
</kw>
<kw name="Validação Caoa Chery iCar" library="car">
<kw name="Wait Until Element Is Visible" library="SeleniumLibrary">
<arg>${TITULO_PRODUTO}</arg>
<doc>Waits until the element ``locator`` is visible.</doc>
<status status="PASS" starttime="20220713 20:41:51.645" endtime="20220713 20:41:51.879"/>
</kw>
<kw name="Element Should Contain" library="SeleniumLibrary">
<arg>${TITULO_PRODUTO}</arg>
<arg>${TEXTO_TITULO_PRODUTO}</arg>
<doc>Verifies that element ``locator`` contains text ``expected``.</doc>
<msg timestamp="20220713 20:41:52.110" level="INFO">Element 'xpath=(//div[@id='page-container']/ul/li/div/h3[2])[2]' contains text 'Caoa Chery iCar'.</msg>
<status status="PASS" starttime="20220713 20:41:51.879" endtime="20220713 20:41:52.111"/>
</kw>
<status status="PASS" starttime="20220713 20:41:51.645" endtime="20220713 20:41:52.111"/>
</kw>
<kw name="Clicar em &quot;Mais Detalhes&quot;" library="car">
<kw name="Wait and Click" library="car">
<arg>${CLICAR_MAIS_DETALHES}</arg>
<kw name="Wait Until Element Is Visible" library="SeleniumLibrary">
<arg>${ELEMENTO}</arg>
<doc>Waits until the element ``locator`` is visible.</doc>
<status status="PASS" starttime="20220713 20:41:52.114" endtime="20220713 20:41:52.353"/>
</kw>
<kw name="Wait Until Element Is Enabled" library="SeleniumLibrary">
<arg>${ELEMENTO}</arg>
<doc>Waits until the element ``locator`` is enabled.</doc>
<status status="PASS" starttime="20220713 20:41:52.353" endtime="20220713 20:41:52.701"/>
</kw>
<kw name="Scroll Element Into View" library="SeleniumLibrary">
<arg>${ELEMENTO}</arg>
<doc>Scrolls the element identified by ``locator`` into view.</doc>
<status status="PASS" starttime="20220713 20:41:52.702" endtime="20220713 20:41:53.183"/>
</kw>
<kw name="Click Element" library="SeleniumLibrary">
<arg>${ELEMENTO}</arg>
<doc>Click the element identified by ``locator``.</doc>
<msg timestamp="20220713 20:41:53.184" level="INFO">Clicking element 'xpath=(//div[@id='page-container']/ul/li/button)[2]'.</msg>
<status status="PASS" starttime="20220713 20:41:53.183" endtime="20220713 20:41:53.476"/>
</kw>
<status status="PASS" starttime="20220713 20:41:52.113" endtime="20220713 20:41:53.478"/>
</kw>
<status status="PASS" starttime="20220713 20:41:52.112" endtime="20220713 20:41:53.479"/>
</kw>
<kw name="Clicar em &quot;Reserve Agora&quot;" library="car">
<kw name="Wait and Click" library="car">
<arg>${CLICAR_RESERVE_AGORA}</arg>
<kw name="Wait Until Element Is Visible" library="SeleniumLibrary">
<arg>${ELEMENTO}</arg>
<doc>Waits until the element ``locator`` is visible.</doc>
<status status="PASS" starttime="20220713 20:41:53.482" endtime="20220713 20:41:53.725"/>
</kw>
<kw name="Wait Until Element Is Enabled" library="SeleniumLibrary">
<arg>${ELEMENTO}</arg>
<doc>Waits until the element ``locator`` is enabled.</doc>
<status status="PASS" starttime="20220713 20:41:53.726" endtime="20220713 20:41:54.100"/>
</kw>
<kw name="Scroll Element Into View" library="SeleniumLibrary">
<arg>${ELEMENTO}</arg>
<doc>Scrolls the element identified by ``locator`` into view.</doc>
<status status="PASS" starttime="20220713 20:41:54.100" endtime="20220713 20:41:54.594"/>
</kw>
<kw name="Click Element" library="SeleniumLibrary">
<arg>${ELEMENTO}</arg>
<doc>Click the element identified by ``locator``.</doc>
<msg timestamp="20220713 20:41:54.595" level="INFO">Clicking element 'xpath=//button[contains(.,'Reserve Agora')]'.</msg>
<status status="PASS" starttime="20220713 20:41:54.595" endtime="20220713 20:41:55.008"/>
</kw>
<status status="PASS" starttime="20220713 20:41:53.481" endtime="20220713 20:41:55.009"/>
</kw>
<status status="PASS" starttime="20220713 20:41:53.480" endtime="20220713 20:41:55.009"/>
</kw>
<kw name="Validar as datas e reservar" library="car">
<kw name="Execute Javascript" library="SeleniumLibrary">
<arg>window.scroll(0,477)</arg>
<doc>Executes the given JavaScript code with possible arguments.</doc>
<msg timestamp="20220713 20:41:55.011" level="INFO">Executing JavaScript:
window.scroll(0,477)
Without any arguments.</msg>
<status status="PASS" starttime="20220713 20:41:55.010" endtime="20220713 20:41:55.161"/>
</kw>
<kw name="Wait and Click" library="car">
<arg>${ESCOLHER_DATA_INICIO}</arg>
<kw name="Wait Until Element Is Visible" library="SeleniumLibrary">
<arg>${ELEMENTO}</arg>
<doc>Waits until the element ``locator`` is visible.</doc>
<status status="PASS" starttime="20220713 20:41:55.161" endtime="20220713 20:41:55.424"/>
</kw>
<kw name="Wait Until Element Is Enabled" library="SeleniumLibrary">
<arg>${ELEMENTO}</arg>
<doc>Waits until the element ``locator`` is enabled.</doc>
<status status="PASS" starttime="20220713 20:41:55.425" endtime="20220713 20:41:55.756"/>
</kw>
<kw name="Scroll Element Into View" library="SeleniumLibrary">
<arg>${ELEMENTO}</arg>
<doc>Scrolls the element identified by ``locator`` into view.</doc>
<status status="PASS" starttime="20220713 20:41:55.756" endtime="20220713 20:41:56.295"/>
</kw>
<kw name="Click Element" library="SeleniumLibrary">
<arg>${ELEMENTO}</arg>
<doc>Click the element identified by ``locator``.</doc>
<msg timestamp="20220713 20:41:56.296" level="INFO">Clicking element 'xpath=//*[@id="root"]/div[2]/div[2]/div[2]/div[2]/div[3]/div[1]/div[3]/button[27]'.</msg>
<status status="PASS" starttime="20220713 20:41:56.295" endtime="20220713 20:41:56.612"/>
</kw>
<status status="PASS" starttime="20220713 20:41:55.161" endtime="20220713 20:41:56.613"/>
</kw>
<kw name="Wait and Click" library="car">
<arg>${ESCOLHER_DATA_FIM}</arg>
<kw name="Wait Until Element Is Visible" library="SeleniumLibrary">
<arg>${ELEMENTO}</arg>
<doc>Waits until the element ``locator`` is visible.</doc>
<status status="PASS" starttime="20220713 20:41:56.614" endtime="20220713 20:41:56.850"/>
</kw>
<kw name="Wait Until Element Is Enabled" library="SeleniumLibrary">
<arg>${ELEMENTO}</arg>
<doc>Waits until the element ``locator`` is enabled.</doc>
<status status="PASS" starttime="20220713 20:41:56.850" endtime="20220713 20:41:57.194"/>
</kw>
<kw name="Scroll Element Into View" library="SeleniumLibrary">
<arg>${ELEMENTO}</arg>
<doc>Scrolls the element identified by ``locator`` into view.</doc>
<status status="PASS" starttime="20220713 20:41:57.194" endtime="20220713 20:41:57.733"/>
</kw>
<kw name="Click Element" library="SeleniumLibrary">
<arg>${ELEMENTO}</arg>
<doc>Click the element identified by ``locator``.</doc>
<msg timestamp="20220713 20:41:57.735" level="INFO">Clicking element 'xpath=//*[@id="root"]/div[2]/div[2]/div[2]/div[2]/div[3]/div[1]/div[3]/button[28]'.</msg>
<status status="PASS" starttime="20220713 20:41:57.734" endtime="20220713 20:41:58.134"/>
</kw>
<status status="PASS" starttime="20220713 20:41:56.613" endtime="20220713 20:41:58.134"/>
</kw>
<kw name="Wait and Click" library="car">
<arg>${CLICAR_RESERVAR}</arg>
<kw name="Wait Until Element Is Visible" library="SeleniumLibrary">
<arg>${ELEMENTO}</arg>
<doc>Waits until the element ``locator`` is visible.</doc>
<status status="PASS" starttime="20220713 20:41:58.136" endtime="20220713 20:41:58.376"/>
</kw>
<kw name="Wait Until Element Is Enabled" library="SeleniumLibrary">
<arg>${ELEMENTO}</arg>
<doc>Waits until the element ``locator`` is enabled.</doc>
<status status="PASS" starttime="20220713 20:41:58.376" endtime="20220713 20:41:58.717"/>
</kw>
<kw name="Scroll Element Into View" library="SeleniumLibrary">
<arg>${ELEMENTO}</arg>
<doc>Scrolls the element identified by ``locator`` into view.</doc>
<status status="PASS" starttime="20220713 20:41:58.717" endtime="20220713 20:41:59.217"/>
</kw>
<kw name="Click Element" library="SeleniumLibrary">
<arg>${ELEMENTO}</arg>
<doc>Click the element identified by ``locator``.</doc>
<msg timestamp="20220713 20:41:59.218" level="INFO">Clicking element 'css=.button-reserva'.</msg>
<status status="PASS" starttime="20220713 20:41:59.217" endtime="20220713 20:41:59.497"/>
</kw>
<status status="PASS" starttime="20220713 20:41:58.135" endtime="20220713 20:41:59.497"/>
</kw>
<status status="PASS" starttime="20220713 20:41:55.009" endtime="20220713 20:41:59.498"/>
</kw>
<kw name="Validar &quot;Muito obrigado!&quot;" library="car">
<kw name="Wait Until Element Is Visible" library="SeleniumLibrary">
<arg>${TITULO_MUITO_OBRIGADO}</arg>
<doc>Waits until the element ``locator`` is visible.</doc>
<status status="PASS" starttime="20220713 20:41:59.499" endtime="20220713 20:42:00.038"/>
</kw>
<kw name="Element Should Contain" library="SeleniumLibrary">
<arg>${TITULO_MUITO_OBRIGADO}</arg>
<arg>${TEXTO_TITULO_MUITO_OBRIGADO}</arg>
<doc>Verifies that element ``locator`` contains text ``expected``.</doc>
<msg timestamp="20220713 20:42:00.264" level="INFO">Element 'xpath=//div[@id='confirmeReserva-card']/h3' contains text 'Muito obrigado!'.</msg>
<status status="PASS" starttime="20220713 20:42:00.039" endtime="20220713 20:42:00.264"/>
</kw>
<status status="PASS" starttime="20220713 20:41:59.498" endtime="20220713 20:42:00.264"/>
</kw>
<kw name="Validar &quot;Sua reserva foi feita com sucesso.&quot;" library="car">
<kw name="Wait Until Element Is Visible" library="SeleniumLibrary">
<arg>${TITULO_RESERVA_SUCESSO}</arg>
<doc>Waits until the element ``locator`` is visible.</doc>
<status status="PASS" starttime="20220713 20:42:00.265" endtime="20220713 20:42:00.497"/>
</kw>
<kw name="Element Should Contain" library="SeleniumLibrary">
<arg>${TITULO_RESERVA_SUCESSO}</arg>
<arg>${TEXTO_TITULO_RESERVA_SUCESSO}</arg>
<doc>Verifies that element ``locator`` contains text ``expected``.</doc>
<msg timestamp="20220713 20:42:00.728" level="INFO">Element 'xpath=//div[@id='confirmeReserva-card']/h5' contains text 'Sua reserva foi feita com sucesso.'.</msg>
<status status="PASS" starttime="20220713 20:42:00.498" endtime="20220713 20:42:00.728"/>
</kw>
<status status="PASS" starttime="20220713 20:42:00.264" endtime="20220713 20:42:00.729"/>
</kw>
<kw name="Clicar em &quot;Voltar&quot;" library="car">
<kw name="Wait and Click" library="car">
<arg>${CLICAR_VOLTAR}</arg>
<kw name="Wait Until Element Is Visible" library="SeleniumLibrary">
<arg>${ELEMENTO}</arg>
<doc>Waits until the element ``locator`` is visible.</doc>
<status status="PASS" starttime="20220713 20:42:00.734" endtime="20220713 20:42:00.970"/>
</kw>
<kw name="Wait Until Element Is Enabled" library="SeleniumLibrary">
<arg>${ELEMENTO}</arg>
<doc>Waits until the element ``locator`` is enabled.</doc>
<status status="PASS" starttime="20220713 20:42:00.970" endtime="20220713 20:42:01.308"/>
</kw>
<kw name="Scroll Element Into View" library="SeleniumLibrary">
<arg>${ELEMENTO}</arg>
<doc>Scrolls the element identified by ``locator`` into view.</doc>
<status status="PASS" starttime="20220713 20:42:01.308" endtime="20220713 20:42:01.786"/>
</kw>
<kw name="Click Element" library="SeleniumLibrary">
<arg>${ELEMENTO}</arg>
<doc>Click the element identified by ``locator``.</doc>
<msg timestamp="20220713 20:42:01.787" level="INFO">Clicking element 'css=.confirmeReservaBtn'.</msg>
<status status="PASS" starttime="20220713 20:42:01.787" endtime="20220713 20:42:02.088"/>
</kw>
<status status="PASS" starttime="20220713 20:42:00.732" endtime="20220713 20:42:02.088"/>
</kw>
<status status="PASS" starttime="20220713 20:42:00.730" endtime="20220713 20:42:02.089"/>
</kw>
<kw name="Close Browser" library="SeleniumLibrary" type="TEARDOWN">
<doc>Closes the current browser.</doc>
<status status="PASS" starttime="20220713 20:42:02.092" endtime="20220713 20:42:02.308"/>
</kw>
<status status="PASS" starttime="20220713 20:41:38.714" endtime="20220713 20:42:02.308"/>
</test>
<status status="PASS" starttime="20220713 20:41:10.244" endtime="20220713 20:42:02.311"/>
</suite>
<statistics>
<total>
<stat pass="2" fail="0" skip="0">All Tests</stat>
</total>
<tag>
</tag>
<suite>
<stat pass="2" fail="0" skip="0" id="s1" name="Car">Car</stat>
</suite>
</statistics>
<errors>
</errors>
</robot>
